11.9.2022, 20:05:14 - INFO - Server is running on port: 3030
11.9.2022, 20:05:17 - INFO - Server is running on port: 3030
11.9.2022, 20:05:17 - INFO - Server is running on port: 3030
11.9.2022, 20:06:07 - INFO - Server is running on port: 3030
11.9.2022, 20:07:44 - INFO - Server is running on port: 3030
11.9.2022, 20:08:39 - INFO - Server is running on port: 3030
11.9.2022, 20:08:39 - INFO - Server is running on port: 3030
11.9.2022, 20:08:40 - INFO - Server is running on port: 3030
11.9.2022, 20:08:45 - INFO - Server is running on port: 3030
11.9.2022, 20:08:46 - INFO - Server is running on port: 3030
11.9.2022, 20:09:40 - INFO - Server is running on port: 3030
11.9.2022, 20:57:39 - INFO - Server is running on port: 3030
11.9.2022, 20:59:57 - INFO - Server is running on port: 3030
11.9.2022, 21:00:17 - INFO - Server is running on port: 3030
11.9.2022, 21:12:30 - INFO - Server is running on port: 3030
11.9.2022, 21:13:34 - INFO - Server is running on port: 3030
11.9.2022, 21:16:09 - INFO - Server is running on port: 3030
11.9.2022, 21:16:16 - INFO - Server is running on port: 3030
11.9.2022, 21:45:36 - INFO - Server is running on port: 3030
11.9.2022, 21:45:37 - INFO - Server is running on port: 3030
11.9.2022, 21:49:08 - INFO - Server is running on port: 3030
11.9.2022, 21:50:07 - INFO - Server is running on port: 3030
11.9.2022, 21:50:09 - DEBUG - Getting Toys
11.9.2022, 21:50:13 - DEBUG - Getting Toys
11.9.2022, 21:50:13 - DEBUG - Getting Toys
11.9.2022, 21:50:15 - DEBUG - Getting Toys
11.9.2022, 21:50:19 - DEBUG - Getting Toys
11.9.2022, 21:50:19 - DEBUG - Getting Toys
11.9.2022, 21:50:20 - DEBUG - Getting Toys
11.9.2022, 21:50:32 - INFO - Server is running on port: 3030
11.9.2022, 21:50:33 - DEBUG - Getting Toys
11.9.2022, 21:50:35 - DEBUG - Getting Toys
11.9.2022, 21:50:35 - DEBUG - Getting Toys
11.9.2022, 21:50:37 - DEBUG - Getting Toys
11.9.2022, 21:50:41 - INFO - Server is running on port: 3030
11.9.2022, 21:52:31 - DEBUG - Getting Toys
11.9.2022, 21:52:32 - DEBUG - Getting Toys
11.9.2022, 21:52:32 - DEBUG - Getting Toys
11.9.2022, 21:52:32 - DEBUG - Getting Toys
11.9.2022, 21:52:33 - DEBUG - Getting Toys
11.9.2022, 21:53:28 - INFO - Server is running on port: 3030
11.9.2022, 21:53:29 - DEBUG - Getting Toys
11.9.2022, 21:55:06 - INFO - Server is running on port: 3030
11.9.2022, 21:55:07 - DEBUG - Getting Toys
11.9.2022, 21:55:14 - INFO - Server is running on port: 3030
11.9.2022, 21:55:17 - DEBUG - Getting Toys
11.9.2022, 21:55:19 - DEBUG - Getting Toys
11.9.2022, 22:00:09 - INFO - Server is running on port: 3030
11.9.2022, 22:00:14 - DEBUG - Getting Toys
11.9.2022, 22:00:46 - INFO - Server is running on port: 3030
11.9.2022, 22:00:47 - DEBUG - Getting Toys
11.9.2022, 22:00:57 - INFO - Server is running on port: 3030
11.9.2022, 22:00:57 - DEBUG - Getting Toys
11.9.2022, 22:01:17 - INFO - Server is running on port: 3030
11.9.2022, 22:01:17 - DEBUG - Getting Toys
11.9.2022, 22:03:54 - INFO - Server is running on port: 3030
11.9.2022, 22:03:56 - DEBUG - Getting Toys
11.9.2022, 22:06:23 - DEBUG - Getting Toys
11.9.2022, 22:06:23 - DEBUG - Getting Toys
11.9.2022, 22:06:26 - DEBUG - Getting Toys
11.9.2022, 22:06:30 - DEBUG - Getting Toys
11.9.2022, 22:06:30 - DEBUG - Getting Toys
11.9.2022, 22:06:31 - DEBUG - Getting Toys
11.9.2022, 22:06:36 - DEBUG - Getting Toys
11.9.2022, 22:06:36 - DEBUG - Getting Toys
11.9.2022, 22:06:39 - DEBUG - Getting Toys
11.9.2022, 22:07:02 - DEBUG - Getting Toys
11.9.2022, 22:07:16 - DEBUG - Getting Toys
11.9.2022, 22:08:29 - DEBUG - Getting Toys
11.9.2022, 22:09:29 - INFO - Server is running on port: 3030
11.9.2022, 22:09:33 - DEBUG - Getting Toys
11.9.2022, 22:09:55 - INFO - Server is running on port: 3030
11.9.2022, 22:10:49 - INFO - Server is running on port: 3030
11.9.2022, 22:10:52 - DEBUG - Getting Toys
11.9.2022, 22:11:20 - INFO - Server is running on port: 3030
11.9.2022, 22:11:24 - DEBUG - Getting Toys
11.9.2022, 22:11:35 - INFO - Server is running on port: 3030
11.9.2022, 22:11:40 - DEBUG - Getting Toys
11.9.2022, 22:11:44 - INFO - Server is running on port: 3030
11.9.2022, 22:11:45 - DEBUG - Getting Toys
11.9.2022, 22:11:52 - INFO - Server is running on port: 3030
11.9.2022, 22:12:18 - DEBUG - Getting Toys
11.9.2022, 22:12:24 - DEBUG - Getting Toys
11.9.2022, 22:13:02 - INFO - Server is running on port: 3030
11.9.2022, 22:13:14 - INFO - Server is running on port: 3030
11.9.2022, 22:13:17 - DEBUG - Getting Toys
11.9.2022, 22:13:25 - INFO - Server is running on port: 3030
11.9.2022, 22:13:26 - DEBUG - Getting Toys
11.9.2022, 22:16:20 - INFO - Server is running on port: 3030
11.9.2022, 22:16:23 - DEBUG - Getting Toys
11.9.2022, 22:17:11 - INFO - Server is running on port: 3030
11.9.2022, 22:17:17 - INFO - Server is running on port: 3030
11.9.2022, 22:18:13 - INFO - Server is running on port: 3030
11.9.2022, 22:18:22 - INFO - Server is running on port: 3030
11.9.2022, 22:18:24 - INFO - Server is running on port: 3030
11.9.2022, 22:20:42 - DEBUG - Getting Toys
11.9.2022, 22:20:54 - INFO - Server is running on port: 3030
11.9.2022, 22:20:57 - INFO - Server is running on port: 3030
11.9.2022, 22:21:10 - DEBUG - Getting Toys
11.9.2022, 22:21:20 - DEBUG - Getting Toys
11.9.2022, 22:21:37 - INFO - Server is running on port: 3030
11.9.2022, 22:21:43 - INFO - Server is running on port: 3030
11.9.2022, 22:21:46 - INFO - Server is running on port: 3030
11.9.2022, 22:21:47 - DEBUG - Getting Toys
11.9.2022, 22:22:25 - INFO - Server is running on port: 3030
11.9.2022, 22:22:26 - DEBUG - Getting Toys
11.9.2022, 22:22:32 - INFO - Server is running on port: 3030
11.9.2022, 22:22:33 - DEBUG - Getting Toys
11.9.2022, 22:22:41 - INFO - Server is running on port: 3030
11.9.2022, 22:23:13 - INFO - Server is running on port: 3030
11.9.2022, 22:24:52 - INFO - Server is running on port: 3030
11.9.2022, 22:24:57 - DEBUG - Getting Toys
11.9.2022, 22:24:59 - DEBUG - Getting Toys
11.9.2022, 22:24:59 - DEBUG - Getting Toys
11.9.2022, 22:25:01 - DEBUG - Getting Toys
11.9.2022, 22:25:05 - DEBUG - Getting Toys
11.9.2022, 22:25:39 - INFO - Server is running on port: 3030
11.9.2022, 22:25:42 - DEBUG - Getting Toys
11.9.2022, 22:26:29 - INFO - Server is running on port: 3030
11.9.2022, 22:26:39 - INFO - Server is running on port: 3030
11.9.2022, 22:26:42 - DEBUG - Getting Toys
11.9.2022, 22:26:58 - INFO - Server is running on port: 3030
11.9.2022, 22:27:00 - DEBUG - Getting Toys
11.9.2022, 22:27:17 - INFO - Server is running on port: 3030
11.9.2022, 22:27:19 - DEBUG - Getting Toys
11.9.2022, 22:27:33 - INFO - Server is running on port: 3030
11.9.2022, 22:27:38 - DEBUG - Getting Toys
11.9.2022, 22:27:51 - INFO - Server is running on port: 3030
11.9.2022, 22:27:52 - DEBUG - Getting Toys
11.9.2022, 22:28:00 - INFO - Server is running on port: 3030
11.9.2022, 22:28:02 - DEBUG - Getting Toys
11.9.2022, 22:28:02 - ERROR - Failed to get toys | {}
11.9.2022, 22:28:15 - INFO - Server is running on port: 3030
11.9.2022, 22:28:16 - DEBUG - Getting Toys
11.9.2022, 22:28:31 - INFO - Server is running on port: 3030
11.9.2022, 22:28:32 - DEBUG - Getting Toys
11.9.2022, 22:29:25 - INFO - Server is running on port: 3030
11.9.2022, 22:29:28 - DEBUG - Getting Toys
11.9.2022, 22:30:51 - INFO - Server is running on port: 3030
11.9.2022, 22:30:54 - DEBUG - Getting Toys
11.9.2022, 22:54:29 - INFO - Server is running on port: 3030
11.9.2022, 22:55:27 - INFO - Server is running on port: 3030
11.9.2022, 22:55:30 - DEBUG - Getting Toys
11.9.2022, 22:55:37 - INFO - Server is running on port: 3030
11.9.2022, 22:57:11 - INFO - Server is running on port: 3030
11.9.2022, 22:57:13 - INFO - Server is running on port: 3030
11.9.2022, 22:59:20 - DEBUG - Getting Toys
11.9.2022, 23:00:20 - DEBUG - Getting Toys
11.9.2022, 23:00:20 - DEBUG - Getting Toys
11.9.2022, 23:00:45 - DEBUG - Getting Toys
11.9.2022, 23:00:45 - DEBUG - Getting Toys
11.9.2022, 23:00:46 - DEBUG - Getting Toys
11.9.2022, 23:00:46 - DEBUG - Getting Toys
11.9.2022, 23:00:49 - DEBUG - Getting Toys
11.9.2022, 23:00:49 - DEBUG - Getting Toys
11.9.2022, 23:00:49 - DEBUG - Getting Toys
11.9.2022, 23:00:49 - DEBUG - Getting Toys
11.9.2022, 23:00:50 - DEBUG - Getting Toys
11.9.2022, 23:00:50 - DEBUG - Getting Toys
11.9.2022, 23:01:45 - DEBUG - Getting Toys
11.9.2022, 23:01:45 - DEBUG - Getting Toys
11.9.2022, 23:02:00 - DEBUG - Getting Toys
11.9.2022, 23:02:07 - DEBUG - Getting Toys
11.9.2022, 23:02:07 - DEBUG - Getting Toys
11.9.2022, 23:02:10 - DEBUG - Getting Toys
11.9.2022, 23:02:10 - DEBUG - Getting Toys
11.9.2022, 23:02:15 - DEBUG - Getting Toys
11.9.2022, 23:02:15 - DEBUG - Getting Toys
11.9.2022, 23:02:17 - DEBUG - Getting Toys
11.9.2022, 23:02:19 - DEBUG - Getting Toys
11.9.2022, 23:02:21 - DEBUG - Getting Toys
11.9.2022, 23:02:23 - DEBUG - Getting Toys
11.9.2022, 23:02:24 - DEBUG - Getting Toys
11.9.2022, 23:02:41 - DEBUG - Getting Toys
11.9.2022, 23:02:43 - DEBUG - Getting Toys
11.9.2022, 23:03:54 - INFO - Server is running on port: 3030
11.9.2022, 23:03:58 - DEBUG - Getting Toys
11.9.2022, 23:04:00 - DEBUG - Getting Toys
11.9.2022, 23:04:03 - DEBUG - Getting Toys
11.9.2022, 23:04:03 - DEBUG - Getting Toys
11.9.2022, 23:04:09 - INFO - Server is running on port: 3030
11.9.2022, 23:04:13 - DEBUG - Getting Toys
11.9.2022, 23:04:18 - INFO - Server is running on port: 3030
11.9.2022, 23:04:20 - INFO - Server is running on port: 3030
11.9.2022, 23:06:26 - DEBUG - Getting Toys
11.9.2022, 23:06:26 - DEBUG - Getting Toys
11.9.2022, 23:13:30 - ERROR - cannot find users | {}
11.9.2022, 23:13:30 - ERROR - Failed to get users | {}
11.9.2022, 23:15:08 - INFO - Server is running on port: 3030
11.9.2022, 23:15:12 - ERROR - cannot find users | {}
11.9.2022, 23:15:12 - ERROR - Failed to get users | {}
11.9.2022, 23:15:37 - INFO - Server is running on port: 3030
11.9.2022, 23:15:40 - ERROR - cannot find users | {}
11.9.2022, 23:15:40 - ERROR - Failed to get users | {}
11.9.2022, 23:15:46 - INFO - Server is running on port: 3030
11.9.2022, 23:15:47 - ERROR - cannot find users | {}
11.9.2022, 23:15:47 - ERROR - Failed to get users | {}
11.9.2022, 23:15:56 - INFO - Server is running on port: 3030
11.9.2022, 23:16:05 - INFO - Server is running on port: 3030
11.9.2022, 23:16:08 - ERROR - cannot find users | {}
11.9.2022, 23:16:08 - ERROR - Failed to get users | {}
11.9.2022, 23:16:53 - INFO - Server is running on port: 3030
11.9.2022, 23:17:00 - INFO - Server is running on port: 3030
11.9.2022, 23:17:04 - INFO - Server is running on port: 3030
11.9.2022, 23:17:13 - ERROR - cannot find users | {}
11.9.2022, 23:17:13 - ERROR - Failed to get users | {}
11.9.2022, 23:17:44 - INFO - Server is running on port: 3030
11.9.2022, 23:17:46 - ERROR - cannot find users | {}
11.9.2022, 23:17:46 - ERROR - Failed to get users | {}
11.9.2022, 23:17:53 - INFO - Server is running on port: 3030
11.9.2022, 23:19:52 - INFO - Server is running on port: 3030
11.9.2022, 23:20:12 - INFO - Server is running on port: 3030
11.9.2022, 23:20:24 - INFO - Server is running on port: 3030
11.9.2022, 23:20:27 - INFO - Server is running on port: 3030
11.9.2022, 23:20:59 - INFO - Server is running on port: 3030
11.9.2022, 23:21:17 - INFO - Server is running on port: 3030
11.9.2022, 23:22:28 - INFO - Server is running on port: 3030
11.9.2022, 23:22:37 - INFO - Server is running on port: 3030
11.9.2022, 23:23:06 - INFO - Server is running on port: 3030
11.9.2022, 23:23:23 - INFO - Server is running on port: 3030
11.9.2022, 23:23:37 - INFO - Server is running on port: 3030
11.9.2022, 23:24:02 - INFO - Server is running on port: 3030
11.9.2022, 23:24:27 - INFO - Server is running on port: 3030
11.9.2022, 23:24:29 - INFO - Server is running on port: 3030
11.9.2022, 23:24:31 - INFO - Server is running on port: 3030
11.9.2022, 23:25:10 - INFO - Server is running on port: 3030
11.9.2022, 23:25:12 - INFO - Server is running on port: 3030
11.9.2022, 23:26:14 - ERROR - Failed to get users | {}
11.9.2022, 23:26:18 - ERROR - Failed to get users | {}
11.9.2022, 23:26:36 - INFO - Server is running on port: 3030
11.9.2022, 23:26:37 - ERROR - Failed to get users | {}
11.9.2022, 23:26:45 - INFO - Server is running on port: 3030
11.9.2022, 23:26:54 - ERROR - Failed to get users | {}
11.9.2022, 23:27:13 - INFO - Server is running on port: 3030
11.9.2022, 23:27:19 - ERROR - Failed to get users | {}
11.9.2022, 23:27:23 - INFO - Server is running on port: 3030
11.9.2022, 23:27:24 - ERROR - Failed to get users | {}
11.9.2022, 23:27:40 - INFO - Server is running on port: 3030
11.9.2022, 23:27:41 - ERROR - Failed to get users | {}
11.9.2022, 23:27:42 - INFO - Server is running on port: 3030
11.9.2022, 23:27:43 - ERROR - Failed to get users | {}
11.9.2022, 23:28:37 - INFO - Server is running on port: 3030
11.9.2022, 23:28:39 - ERROR - Failed to get users | {}
11.9.2022, 23:29:56 - INFO - Server is running on port: 3030
11.9.2022, 23:29:59 - ERROR - Failed to get users | {}
11.9.2022, 23:30:19 - INFO - Server is running on port: 3030
11.9.2022, 23:30:57 - INFO - Server is running on port: 3030
11.9.2022, 23:31:22 - INFO - Server is running on port: 3030
11.9.2022, 23:31:28 - INFO - Server is running on port: 3030
11.9.2022, 23:32:33 - INFO - Server is running on port: 3030
11.9.2022, 23:32:57 - INFO - Server is running on port: 3030
11.9.2022, 23:34:24 - INFO - Server is running on port: 3030
11.9.2022, 23:35:25 - INFO - Server is running on port: 3030
11.9.2022, 23:40:53 - DEBUG - Getting Toys
11.9.2022, 23:40:57 - DEBUG - Getting Toys
11.9.2022, 23:40:58 - DEBUG - Getting Toys
11.9.2022, 23:40:59 - DEBUG - Getting Toys
11.9.2022, 23:41:51 - DEBUG - Getting Toys
11.9.2022, 23:41:53 - DEBUG - Getting Toys
11.9.2022, 23:41:55 - DEBUG - Getting Toys
11.9.2022, 23:44:46 - DEBUG - Getting Toys
11.9.2022, 23:45:04 - DEBUG - Getting Toys
11.9.2022, 23:45:19 - DEBUG - Getting Toys
11.9.2022, 23:45:30 - DEBUG - Getting Toys
11.9.2022, 23:45:43 - DEBUG - Getting Toys
11.9.2022, 23:57:48 - DEBUG - Getting Toys
12.9.2022, 0:08:49 - DEBUG - Getting Toys
12.9.2022, 0:08:51 - DEBUG - Getting Toys
12.9.2022, 0:08:53 - DEBUG - Getting Toys
12.9.2022, 0:08:53 - DEBUG - Getting Toys
12.9.2022, 0:08:55 - DEBUG - Getting Toys
12.9.2022, 0:11:05 - DEBUG - Getting Toys
12.9.2022, 0:12:53 - DEBUG - Getting Toys
12.9.2022, 0:12:57 - DEBUG - Getting Toys
12.9.2022, 0:13:08 - DEBUG - Getting Toys
12.9.2022, 0:13:24 - DEBUG - Getting Toys
12.9.2022, 0:13:24 - DEBUG - Getting Toys
12.9.2022, 0:13:24 - DEBUG - Getting Toys
12.9.2022, 0:13:26 - DEBUG - Getting Toys
12.9.2022, 0:13:26 - DEBUG - Getting Toys
12.9.2022, 0:13:26 - DEBUG - Getting Toys
12.9.2022, 0:13:26 - DEBUG - Getting Toys
12.9.2022, 0:13:26 - DEBUG - Getting Toys
12.9.2022, 0:13:26 - DEBUG - Getting Toys
12.9.2022, 0:13:26 - DEBUG - Getting Toys
12.9.2022, 0:13:26 - DEBUG - Getting Toys
12.9.2022, 0:13:26 - DEBUG - Getting Toys
12.9.2022, 0:13:26 - DEBUG - Getting Toys
12.9.2022, 0:13:26 - DEBUG - Getting Toys
12.9.2022, 0:13:26 - DEBUG - Getting Toys
12.9.2022, 0:13:27 - DEBUG - Getting Toys
12.9.2022, 0:13:27 - DEBUG - Getting Toys
12.9.2022, 0:13:27 - DEBUG - Getting Toys
12.9.2022, 0:13:27 - DEBUG - Getting Toys
12.9.2022, 0:13:27 - DEBUG - Getting Toys
12.9.2022, 0:13:27 - DEBUG - Getting Toys
12.9.2022, 0:13:27 - DEBUG - Getting Toys
12.9.2022, 0:13:27 - DEBUG - Getting Toys
12.9.2022, 0:13:27 - DEBUG - Getting Toys
12.9.2022, 0:13:27 - DEBUG - Getting Toys
12.9.2022, 0:13:27 - DEBUG - Getting Toys
12.9.2022, 0:13:27 - DEBUG - Getting Toys
12.9.2022, 0:13:27 - DEBUG - Getting Toys
12.9.2022, 0:13:27 - DEBUG - Getting Toys
12.9.2022, 0:13:27 - DEBUG - Getting Toys
12.9.2022, 0:13:27 - DEBUG - Getting Toys
12.9.2022, 0:13:27 - DEBUG - Getting Toys
12.9.2022, 0:13:27 - DEBUG - Getting Toys
12.9.2022, 0:13:27 - DEBUG - Getting Toys
12.9.2022, 0:13:27 - DEBUG - Getting Toys
12.9.2022, 0:13:27 - DEBUG - Getting Toys
12.9.2022, 0:13:27 - DEBUG - Getting Toys
12.9.2022, 0:13:27 - DEBUG - Getting Toys
12.9.2022, 0:13:27 - DEBUG - Getting Toys
12.9.2022, 0:13:27 - DEBUG - Getting Toys
12.9.2022, 0:13:27 - DEBUG - Getting Toys
12.9.2022, 0:13:27 - DEBUG - Getting Toys
12.9.2022, 0:13:27 - DEBUG - Getting Toys
12.9.2022, 0:13:27 - DEBUG - Getting Toys
12.9.2022, 0:13:27 - DEBUG - Getting Toys
12.9.2022, 0:13:27 - DEBUG - Getting Toys
12.9.2022, 0:13:27 - DEBUG - Getting Toys
12.9.2022, 0:13:28 - DEBUG - Getting Toys
12.9.2022, 0:13:29 - DEBUG - Getting Toys
12.9.2022, 0:13:29 - DEBUG - Getting Toys
12.9.2022, 0:13:29 - DEBUG - Getting Toys
12.9.2022, 0:13:29 - DEBUG - Getting Toys
12.9.2022, 0:13:29 - DEBUG - Getting Toys
12.9.2022, 0:13:30 - DEBUG - Getting Toys
12.9.2022, 0:13:30 - DEBUG - Getting Toys
12.9.2022, 0:13:31 - DEBUG - Getting Toys
12.9.2022, 0:13:31 - DEBUG - Getting Toys
12.9.2022, 0:14:05 - DEBUG - Getting Toys
12.9.2022, 0:14:05 - DEBUG - Getting Toys
12.9.2022, 0:14:12 - DEBUG - Getting Toys
12.9.2022, 0:14:12 - DEBUG - Getting Toys
12.9.2022, 0:14:28 - DEBUG - Getting Toys
12.9.2022, 0:14:28 - DEBUG - Getting Toys
12.9.2022, 0:14:45 - DEBUG - Getting Toys
12.9.2022, 0:14:45 - DEBUG - Getting Toys
12.9.2022, 0:14:49 - DEBUG - Getting Toys
12.9.2022, 0:14:49 - DEBUG - Getting Toys
12.9.2022, 0:15:03 - DEBUG - Getting Toys
12.9.2022, 0:15:03 - DEBUG - Getting Toys
12.9.2022, 0:15:08 - DEBUG - Getting Toys
12.9.2022, 0:15:11 - DEBUG - Getting Toys
12.9.2022, 0:15:11 - DEBUG - Getting Toys
12.9.2022, 0:16:17 - DEBUG - Getting Toys
12.9.2022, 0:16:17 - DEBUG - Getting Toys
12.9.2022, 0:16:29 - DEBUG - Getting Toys
12.9.2022, 0:16:30 - DEBUG - Getting Toys
12.9.2022, 0:17:18 - DEBUG - Getting Toys
12.9.2022, 0:17:18 - DEBUG - Getting Toys
12.9.2022, 0:18:28 - DEBUG - Getting Toys
12.9.2022, 0:18:30 - DEBUG - Getting Toys
12.9.2022, 0:18:34 - DEBUG - Getting Toys
12.9.2022, 0:18:37 - DEBUG - Getting Toys
12.9.2022, 0:18:38 - DEBUG - Getting Toys
12.9.2022, 0:18:51 - DEBUG - Getting Toys
12.9.2022, 0:18:52 - DEBUG - Getting Toys
12.9.2022, 0:18:52 - DEBUG - Getting Toys
12.9.2022, 0:18:52 - DEBUG - Getting Toys
12.9.2022, 0:19:35 - DEBUG - Getting Toys
12.9.2022, 0:19:39 - DEBUG - Getting Toys
12.9.2022, 0:19:40 - DEBUG - Getting Toys
12.9.2022, 0:19:42 - DEBUG - Getting Toys
12.9.2022, 0:19:43 - DEBUG - Getting Toys
12.9.2022, 0:20:46 - DEBUG - Getting Toys
12.9.2022, 0:20:47 - DEBUG - Getting Toys
12.9.2022, 0:20:48 - DEBUG - Getting Toys
12.9.2022, 0:21:16 - DEBUG - Getting Toys
12.9.2022, 0:21:19 - DEBUG - Getting Toys
12.9.2022, 0:21:21 - DEBUG - Getting Toys
12.9.2022, 0:21:22 - DEBUG - Getting Toys
12.9.2022, 0:21:29 - DEBUG - Getting Toys
12.9.2022, 0:21:30 - DEBUG - Getting Toys
12.9.2022, 0:22:54 - INFO - Server is running on port: 3030
12.9.2022, 0:22:56 - DEBUG - Getting Toys
12.9.2022, 0:23:00 - DEBUG - Getting Toys
12.9.2022, 0:23:04 - DEBUG - Getting Toys
12.9.2022, 0:23:05 - DEBUG - Getting Toys
12.9.2022, 0:24:11 - DEBUG - Getting Toys
12.9.2022, 0:24:42 - DEBUG - Getting Toys
12.9.2022, 0:26:09 - DEBUG - Getting Toys
12.9.2022, 0:31:03 - DEBUG - Getting Toys
12.9.2022, 0:31:10 - DEBUG - Getting Toys
12.9.2022, 0:32:26 - DEBUG - Getting Toys
12.9.2022, 0:32:33 - DEBUG - Getting Toys
12.9.2022, 0:32:43 - DEBUG - Getting Toys
12.9.2022, 0:33:41 - INFO - Server is running on port: 3030
12.9.2022, 0:33:43 - DEBUG - Getting Toys
12.9.2022, 0:33:46 - DEBUG - Getting Toys
12.9.2022, 0:34:03 - DEBUG - Getting Toys
12.9.2022, 0:34:23 - DEBUG - Getting Toys
12.9.2022, 0:34:52 - DEBUG - Getting Toys
12.9.2022, 0:34:54 - DEBUG - Getting Toys
13.9.2022, 0:05:28 - INFO - Server is running on port: 3030
13.9.2022, 0:12:07 - DEBUG - Getting Toys
13.9.2022, 0:12:08 - ERROR - Failed to get toys | {}
13.9.2022, 0:12:23 - INFO - Server is running on port: 3030
13.9.2022, 0:12:24 - DEBUG - Getting Toys
13.9.2022, 0:12:33 - INFO - Server is running on port: 3030
13.9.2022, 0:12:34 - DEBUG - Getting Toys
13.9.2022, 0:12:47 - DEBUG - Getting Toys
13.9.2022, 0:12:47 - DEBUG - Getting Toys
13.9.2022, 0:12:49 - DEBUG - Getting Toys
13.9.2022, 0:12:49 - DEBUG - Getting Toys
13.9.2022, 0:12:50 - DEBUG - Getting Toys
13.9.2022, 0:12:50 - DEBUG - Getting Toys
13.9.2022, 0:12:51 - DEBUG - Getting Toys
13.9.2022, 0:12:51 - DEBUG - Getting Toys
13.9.2022, 0:12:53 - DEBUG - Getting Toys
13.9.2022, 0:12:57 - DEBUG - Getting Toys
13.9.2022, 0:13:21 - INFO - Server is running on port: 3030
13.9.2022, 0:13:21 - DEBUG - Getting Toys
13.9.2022, 0:13:26 - DEBUG - Getting Toys
13.9.2022, 0:13:30 - DEBUG - Getting Toys
13.9.2022, 0:13:34 - DEBUG - Getting Toys
13.9.2022, 0:16:15 - INFO - Server is running on port: 3030
13.9.2022, 0:17:02 - DEBUG - Getting Toys
13.9.2022, 0:17:16 - INFO - Server is running on port: 3030
13.9.2022, 0:17:17 - DEBUG - Getting Toys
13.9.2022, 0:17:56 - DEBUG - Getting Toys
13.9.2022, 0:18:15 - INFO - Server is running on port: 3030
13.9.2022, 0:18:16 - DEBUG - Getting Toys
13.9.2022, 0:18:29 - ERROR - Failed to add toy | {}
13.9.2022, 0:18:49 - ERROR - Failed to add toy | {}
13.9.2022, 0:19:05 - ERROR - Failed to add toy | {}
13.9.2022, 0:19:48 - INFO - Server is running on port: 3030
13.9.2022, 0:20:10 - ERROR - Failed to add toy | {}
13.9.2022, 0:20:15 - DEBUG - Getting Toys
13.9.2022, 0:20:18 - ERROR - Failed to add toy | {}
13.9.2022, 0:20:20 - DEBUG - Getting Toys
13.9.2022, 0:20:37 - DEBUG - Getting Toys
13.9.2022, 0:20:40 - DEBUG - Getting Toys
13.9.2022, 0:20:44 - DEBUG - Getting Toys
13.9.2022, 0:21:13 - ERROR - Failed to add toy | {}
13.9.2022, 0:21:19 - ERROR - Failed to add toy | {}
13.9.2022, 0:21:27 - ERROR - Failed to add toy | {}
13.9.2022, 0:21:42 - ERROR - Failed to add toy | {}
13.9.2022, 0:22:50 - INFO - Server is running on port: 3030
13.9.2022, 0:22:56 - ERROR - Failed to add toy | {}
13.9.2022, 0:23:05 - INFO - Server is running on port: 3030
13.9.2022, 0:23:06 - ERROR - Failed to add toy | {}
13.9.2022, 0:23:07 - ERROR - Failed to add toy | {}
13.9.2022, 0:23:23 - INFO - Server is running on port: 3030
13.9.2022, 0:23:24 - ERROR - Failed to add toy | {}
13.9.2022, 0:23:30 - INFO - Server is running on port: 3030
13.9.2022, 0:23:31 - ERROR - Failed to add toy | {}
13.9.2022, 0:24:30 - INFO - Server is running on port: 3030
13.9.2022, 0:24:32 - ERROR - Failed to add toy | {}
13.9.2022, 0:24:37 - INFO - Server is running on port: 3030
13.9.2022, 0:24:38 - ERROR - Failed to add toy | {}
13.9.2022, 0:24:55 - INFO - Server is running on port: 3030
13.9.2022, 0:24:57 - ERROR - Failed to add toy | {}
13.9.2022, 0:25:39 - INFO - Server is running on port: 3030
13.9.2022, 0:25:51 - DEBUG - Getting Toys
13.9.2022, 0:26:22 - INFO - Server is running on port: 3030
13.9.2022, 0:26:29 - DEBUG - Getting Toys
13.9.2022, 0:26:41 - DEBUG - Getting Toys
13.9.2022, 0:28:56 - DEBUG - Getting Toys
13.9.2022, 0:29:05 - INFO - Server is running on port: 3030
13.9.2022, 0:29:06 - DEBUG - Getting Toys
13.9.2022, 0:29:13 - INFO - Server is running on port: 3030
13.9.2022, 0:29:13 - DEBUG - Getting Toys
13.9.2022, 0:29:15 - INFO - Server is running on port: 3030
13.9.2022, 0:29:16 - DEBUG - Getting Toys
13.9.2022, 0:29:44 - INFO - Server is running on port: 3030
13.9.2022, 0:29:46 - DEBUG - Getting Toys
13.9.2022, 0:29:47 - ERROR - Failed to get toys | {}
13.9.2022, 0:29:49 - DEBUG - Getting Toys
13.9.2022, 0:29:50 - ERROR - Failed to get toys | {}
13.9.2022, 0:30:12 - INFO - Server is running on port: 3030
13.9.2022, 0:30:50 - DEBUG - Getting Toys
13.9.2022, 0:30:51 - ERROR - Failed to get toys | {}
13.9.2022, 0:31:21 - INFO - Server is running on port: 3030
13.9.2022, 0:40:30 - INFO - Server is running on port: 3030
13.9.2022, 0:41:23 - INFO - Server is running on port: 3030
13.9.2022, 0:41:24 - DEBUG - Getting Toys
13.9.2022, 0:41:59 - INFO - Server is running on port: 3030
13.9.2022, 0:42:01 - DEBUG - Getting Toys
13.9.2022, 0:42:01 - ERROR - Failed to get toys | {}
13.9.2022, 0:42:03 - INFO - Server is running on port: 3030
13.9.2022, 0:42:04 - DEBUG - Getting Toys
13.9.2022, 0:47:06 - DEBUG - Getting Toys
13.9.2022, 0:47:07 - DEBUG - Getting Toys
13.9.2022, 0:48:03 - DEBUG - Getting Toys
13.9.2022, 0:48:05 - DEBUG - Getting Toys
13.9.2022, 14:09:54 - INFO - Server is running on port: 3030
13.9.2022, 14:10:04 - DEBUG - Getting Toys
13.9.2022, 14:10:11 - DEBUG - Getting Toys
13.9.2022, 14:10:13 - DEBUG - Getting Toys
13.9.2022, 14:10:14 - DEBUG - Getting Toys
13.9.2022, 14:10:51 - INFO - Server is running on port: 3030
13.9.2022, 14:10:52 - DEBUG - Getting Toys
13.9.2022, 14:10:56 - INFO - Server is running on port: 3030
13.9.2022, 14:10:57 - DEBUG - Getting Toys
13.9.2022, 14:11:17 - INFO - Server is running on port: 3030
13.9.2022, 14:11:18 - DEBUG - Getting Toys
13.9.2022, 14:11:47 - INFO - Server is running on port: 3030
13.9.2022, 14:11:49 - INFO - Server is running on port: 3030
13.9.2022, 14:11:50 - DEBUG - Getting Toys
13.9.2022, 14:11:52 - INFO - Server is running on port: 3030
13.9.2022, 14:11:52 - DEBUG - Getting Toys
13.9.2022, 14:11:56 - INFO - Server is running on port: 3030
13.9.2022, 14:11:56 - DEBUG - Getting Toys
13.9.2022, 14:12:20 - INFO - Server is running on port: 3030
13.9.2022, 14:12:21 - DEBUG - Getting Toys
13.9.2022, 14:12:26 - INFO - Server is running on port: 3030
13.9.2022, 14:12:26 - DEBUG - Getting Toys
13.9.2022, 14:20:31 - DEBUG - Getting Toys
13.9.2022, 14:20:32 - DEBUG - Getting Toys
13.9.2022, 14:20:32 - DEBUG - Getting Toys
13.9.2022, 14:20:32 - DEBUG - Getting Toys
13.9.2022, 14:29:37 - INFO - Server is running on port: 3030
